<?xml version="1.0" encoding="UTF-8"?>
<!-- Generated by org.testng.reporters.JUnitReportReporter -->
<testsuite hostname="DESKTOP-54M8AA4" failures="0" tests="3" name="TestNG.day4" time="0.008" errors="0" timestamp="2020-10-31T13:10:09 EET" skipped="0">
  <testcase classname="TestNG.day4" name="MobileLoginHomeLoan" time="0.004"/>
  <system-out/>
  <testcase classname="TestNG.day4" name="LoginAPIHomeLoan" time="0.003"/>
  <system-out/>
  <testcase classname="TestNG.day4" name="WebLoginHomeLoan" time="0.001"/>
  <system-out/>
</testsuite> <!-- TestNG.day4 -->
