<?xml version="1.0" encoding="UTF-8"?>
<!-- Generated by org.testng.reporters.JUnitReportReporter -->
<testsuite hostname="DESKTOP-54M8AA4" failures="0" tests="3" name="TestNG.day4" time="0.006" errors="0" timestamp="2020-10-31T12:29:34 EET" skipped="0">
  <testcase classname="TestNG.day4" name="LoginAPIHomeLoan" time="0.002"/>
  <system-out/>
  <testcase classname="TestNG.day4" name="WebLoginHomeLoan" time="0.002"/>
  <system-out/>
  <testcase classname="TestNG.day4" name="MobileLoginHomeLoan" time="0.002"/>
  <system-out/>
</testsuite> <!-- TestNG.day4 -->
