<?xml version="1.0" encoding="UTF-8"?>
<!-- Generated by org.testng.reporters.JUnitReportReporter -->
<testsuite hostname="DESKTOP-54M8AA4" failures="0" tests="3" name="TestNG.AfterClassTest" time="0.003" errors="0" timestamp="2020-10-31T19:46:48 EET" skipped="0">
  <testcase classname="TestNG.AfterClassTest" name="three" time="0.001"/>
  <system-out/>
  <testcase classname="TestNG.AfterClassTest" name="one" time="0.001"/>
  <system-out/>
  <testcase classname="TestNG.AfterClassTest" name="two" time="0.001"/>
  <system-out/>
</testsuite> <!-- TestNG.AfterClassTest -->
