<?xml version="1.0" encoding="UTF-8"?>
<!-- Generated by org.testng.reporters.JUnitReportReporter -->
<testsuite hostname="DESKTOP-54M8AA4" failures="0" tests="3" name="TestNG.BeforeClassTest" time="0.003" errors="0" timestamp="2020-11-01T14:20:00 EET" skipped="0">
  <testcase classname="TestNG.BeforeClassTest" name="one" time="0.001"/>
  <system-out/>
  <testcase classname="TestNG.BeforeClassTest" name="three" time="0.002"/>
  <system-out/>
  <testcase classname="TestNG.BeforeClassTest" name="two" time="0.000"/>
  <system-out/>
</testsuite> <!-- TestNG.BeforeClassTest -->
