<?xml version="1.0" encoding="UTF-8"?>
<!-- Generated by org.testng.reporters.JUnitReportReporter -->
<testsuite hostname="DESKTOP-54M8AA4" failures="0" tests="2" name="Exercise.TestNGTutorial" time="0.026" errors="0" timestamp="2020-10-29T20:39:18 EET" skipped="0">
  <testcase classname="Exercise.TestNGTutorial" name="Demo" time="0.024"/>
  <system-out/>
  <testcase classname="Exercise.TestNGTutorial" name="SecondDemo" time="0.002"/>
  <system-out/>
</testsuite> <!-- Exercise.TestNGTutorial -->
