<?xml version="1.0" encoding="UTF-8"?>
<!-- Generated by org.testng.reporters.JUnitReportReporter -->
<testsuite hostname="DESKTOP-54M8AA4" failures="0" tests="1" name="TestNG.day1" time="0.008" errors="0" timestamp="2020-10-31T13:10:09 EET" skipped="0">
  <testcase classname="TestNG.day1" name="Demo" time="0.008"/>
  <system-out/>
</testsuite> <!-- TestNG.day1 -->
