<?xml version="1.0" encoding="UTF-8"?>
<!-- Generated by org.testng.reporters.JUnitReportReporter -->
<testsuite hostname="DESKTOP-54M8AA4" failures="0" tests="2" name="TestNG.day3" time="0.021" errors="0" timestamp="2020-10-31T19:47:14 EET" skipped="0">
  <testcase classname="TestNG.day3" name="MobileLoginCarLoan" time="0.015"/>
  <system-out/>
  <testcase classname="TestNG.day3" name="MobilesignincarLoan" time="0.006"/>
  <system-out/>
</testsuite> <!-- TestNG.day3 -->
