<?xml version="1.0" encoding="UTF-8"?>
<!-- Generated by org.testng.reporters.JUnitReportReporter -->
<testsuite hostname="DESKTOP-54M8AA4" failures="0" tests="1" name="TestNG.day2" time="0.002" errors="0" timestamp="2020-10-31T19:46:48 EET" skipped="0">
  <testcase classname="TestNG.day2" name="ploan" time="0.002"/>
  <system-out/>
</testsuite> <!-- TestNG.day2 -->
