<?xml version="1.0" encoding="UTF-8"?>
<!-- Generated by org.testng.reporters.JUnitReportReporter -->
<testsuite hostname="DESKTOP-54M8AA4" failures="0" tests="3" name="TestNG.BeforeMethodTest" time="0.003" errors="0" timestamp="2020-11-01T14:20:00 EET" skipped="0">
  <testcase classname="TestNG.BeforeMethodTest" name="one" time="0.001"/>
  <system-out/>
  <testcase classname="TestNG.BeforeMethodTest" name="three" time="0.001"/>
  <system-out/>
  <testcase classname="TestNG.BeforeMethodTest" name="two" time="0.001"/>
  <system-out/>
</testsuite> <!-- TestNG.BeforeMethodTest -->
