<?xml version="1.0" encoding="UTF-8"?>
<!-- Generated by org.testng.reporters.JUnitReportReporter -->
<testsuite hostname="DESKTOP-54M8AA4" failures="0" tests="2" name="TestNG.day1" time="0.012" errors="0" timestamp="2020-10-30T00:03:19 EET" skipped="0">
  <testcase classname="TestNG.day1" name="Demo" time="0.009"/>
  <system-out/>
  <testcase classname="TestNG.day1" name="SecondDemo" time="0.003"/>
  <system-out/>
</testsuite> <!-- TestNG.day1 -->
