<?xml version="1.0" encoding="UTF-8"?>
<!-- Generated by org.testng.reporters.JUnitReportReporter -->
<testsuite hostname="DESKTOP-54M8AA4" failures="0" tests="1" name="PageObjectModel.TestCase.LoginApplication" time="8.472" errors="0" timestamp="2020-11-10T21:09:51 EET" skipped="0">
  <testcase classname="PageObjectModel.TestCase.LoginApplication" name="Login" time="8.472"/>
  <system-out/>
</testsuite> <!-- PageObjectModel.TestCase.LoginApplication -->
