<?xml version="1.0" encoding="UTF-8"?>
<!-- Generated by org.testng.reporters.JUnitReportReporter -->
<testsuite hostname="DESKTOP-54M8AA4" failures="0" tests="4" name="TestNG.day4" time="0.014" errors="0" timestamp="2020-11-01T14:20:00 EET" skipped="1">
  <testcase classname="TestNG.day4" name="MobileLoginHomeLoan" time="0.001"/>
  <system-out/>
  <testcase classname="TestNG.day4" name="Logout" time="0.002"/>
  <system-out/>
  <testcase classname="TestNG.day4" name="LoginAPIHomeLoan" time="0.011"/>
  <system-out/>
  <testcase classname="TestNG.day4" name="WebLoginHomeLoan">
    <skipped/>
  </testcase> <!-- WebLoginHomeLoan -->
  <system-out/>
</testsuite> <!-- TestNG.day4 -->
