<?xml version="1.0" encoding="UTF-8"?>
<!-- Generated by org.testng.reporters.JUnitReportReporter -->
<testsuite hostname="DESKTOP-54M8AA4" failures="0" tests="1" name="TestNG.BeforeTestCase" time="0.001" errors="0" timestamp="2020-10-31T13:10:09 EET" skipped="0">
  <testcase classname="TestNG.BeforeTestCase" name="web" time="0.001"/>
  <system-out/>
</testsuite> <!-- TestNG.BeforeTestCase -->
