<?xml version="1.0" encoding="UTF-8"?>
<!-- Generated by org.testng.reporters.JUnitReportReporter -->
<testsuite hostname="DESKTOP-54M8AA4" failures="0" tests="1" name="Exercise.ImgControl" time="12.812" errors="0" timestamp="2020-11-16T20:17:51 EET" skipped="0">
  <testcase classname="Exercise.ImgControl" name="CheckImage" time="12.812"/>
  <system-out/>
</testsuite> <!-- Exercise.ImgControl -->
