<?xml version="1.0" encoding="UTF-8"?>
<!-- Generated by org.testng.reporters.JUnitReportReporter -->
<testsuite hostname="DESKTOP-54M8AA4" failures="0" tests="1" name="TestNG.BeforeClassTest" time="0.001" errors="0" timestamp="2020-10-31T19:47:14 EET" skipped="0">
  <testcase classname="TestNG.BeforeClassTest" name="three" time="0.001"/>
  <system-out/>
</testsuite> <!-- TestNG.BeforeClassTest -->
