<?xml version="1.0" encoding="UTF-8"?>
<!-- Generated by org.testng.reporters.JUnitReportReporter -->
<testsuite hostname="DESKTOP-54M8AA4" failures="0" tests="1" name="PageObjectModel.LoginApplication" time="6.634" errors="0" timestamp="2020-11-11T18:49:30 EET" skipped="0">
  <testcase classname="PageObjectModel.LoginApplication" name="Login" time="6.634"/>
  <system-out/>
</testsuite> <!-- PageObjectModel.LoginApplication -->
