<?xml version="1.0" encoding="UTF-8"?>
<!-- Generated by org.testng.reporters.JUnitReportReporter -->
<testsuite hostname="DESKTOP-54M8AA4" failures="0" tests="8" name="Exercise.JavaStream" time="0.048" errors="0" timestamp="11 Eki 2020 17:43:48 GMT" skipped="0">
  <testcase classname="Exercise.JavaStream" name="streamFilterLength" time="0.007"/>
  <testcase classname="Exercise.JavaStream" name="streamConcat" time="0.007"/>
  <testcase classname="Exercise.JavaStream" name="streamFilter2" time="0.003"/>
  <testcase classname="Exercise.JavaStream" name="streamMap" time="0.007"/>
  <testcase classname="Exercise.JavaStream" name="streamFilter" time="0.004"/>
  <testcase classname="Exercise.JavaStream" name="regular" time="0.009"/>
  <testcase classname="Exercise.JavaStream" name="streamFilterLengthLimit" time="0.006"/>
  <testcase classname="Exercise.JavaStream" name="streamMapSort" time="0.005"/>
</testsuite> <!-- Exercise.JavaStream -->
