<?xml version="1.0" encoding="UTF-8"?>
<!-- Generated by org.testng.reporters.JUnitReportReporter -->
<testsuite hostname="DESKTOP-54M8AA4" failures="0" tests="3" name="TestNG.day3" time="0.003" errors="0" timestamp="2020-10-30T00:03:19 EET" skipped="0">
  <testcase classname="TestNG.day3" name="LoginAPICarLoan" time="0.001"/>
  <system-out/>
  <testcase classname="TestNG.day3" name="WebLoginCarLoan" time="0.001"/>
  <system-out/>
  <testcase classname="TestNG.day3" name="MobileLoginCarLoan" time="0.001"/>
  <system-out/>
</testsuite> <!-- TestNG.day3 -->
