<?xml version="1.0" encoding="UTF-8"?>
<!-- Generated by org.testng.reporters.JUnitReportReporter -->
<testsuite hostname="DESKTOP-54M8AA4" failures="0" tests="5" name="Exercise.JavaStream" time="0.058" errors="0" timestamp="10 Eki 2020 20:28:10 GMT" skipped="0">
  <testcase classname="Exercise.JavaStream" name="streamFilterLength" time="0.002"/>
  <testcase classname="Exercise.JavaStream" name="regular" time="0.013"/>
  <testcase classname="Exercise.JavaStream" name="streamFilter" time="0.003"/>
  <testcase classname="Exercise.JavaStream" name="streamFilter2" time="0.002"/>
  <testcase classname="Exercise.JavaStream" name="streamFilterLengthLimit" time="0.038"/>
</testsuite> <!-- Exercise.JavaStream -->
