<?xml version="1.0" encoding="UTF-8"?>
<!-- Generated by org.testng.reporters.JUnitReportReporter -->
<testsuite hostname="DESKTOP-54M8AA4" failures="0" tests="3" name="TestNG.day3" time="0.012" errors="0" timestamp="2020-11-01T14:20:00 EET" skipped="0">
  <testcase classname="TestNG.day3" name="MobilesignincarLoan" time="0.007"/>
  <system-out/>
  <testcase classname="TestNG.day3" name="MobilesignoutcarLoan" time="0.001"/>
  <system-out/>
  <testcase classname="TestNG.day3" name="MobileLoginCarLoan" time="0.004"/>
  <system-out/>
</testsuite> <!-- TestNG.day3 -->
