<?xml version="1.0" encoding="UTF-8"?>
<!-- Generated by org.testng.reporters.JUnitReportReporter -->
<testsuite hostname="DESKTOP-54M8AA4" failures="0" tests="3" name="TestNG.AfterMethodTest" time="0.007" errors="0" timestamp="2020-10-31T19:46:48 EET" skipped="0">
  <testcase classname="TestNG.AfterMethodTest" name="one" time="0.002"/>
  <system-out/>
  <testcase classname="TestNG.AfterMethodTest" name="three" time="0.002"/>
  <system-out/>
  <testcase classname="TestNG.AfterMethodTest" name="two" time="0.003"/>
  <system-out/>
</testsuite> <!-- TestNG.AfterMethodTest -->
